2022-06-23 21:21:52| {
    [1]={
        ["i"]=22040
    }, 
    [2]={
        ["i"]=26419
    }, 
    [3]={
        ["i"]=65535
    }, 
    [4]={
        ["i"]=21396
    }, 
    [5]={
        ["i"]=23402, 
        ["a"]={
            [3]="Enfeebling Magic duration", 
            [4]="Magic Accuracy"
        }
    }, 
    [6]={
        ["i"]=25443, 
        ["a"]={
            [1]="Path: A"
        }
    }, 
    [7]={
        ["i"]=26085
    }, 
    [8]={
        ["i"]=26109
    }, 
    [9]={
        ["i"]=26907
    }, 
    [10]={
        ["i"]=23734
    }, 
    [11]={
        ["i"]=26188
    }, 
    [12]={
        ["i"]=26183
    }, 
    [13]={
        ["i"]=26250, 
        ["a"]={
            [1]="MND+20", 
            [2]="Mag. Acc+20 /Mag. Dmg.+20", 
            [4]="\"Fast Cast\"+10"
        }
    }, 
    [14]={
        ["i"]=26363, 
        ["a"]={
            [1]="Path: A"
        }
    }, 
    [15]={
        ["i"]=25844, 
        ["a"]={
            [1]="Mag. Acc.+21 \"Mag.Atk.Bns.\"+21", 
            [2]="\"Cure\" potency +7%", 
            [3]="CHR+9", 
            [4]="Mag. Acc.+11", 
            [5]="\"Mag.Atk.Bns.\"+14"
        }
    }, 
    [16]={
        ["i"]=23670, 
        ["a"]={
            [3]="Immunobreak Chance"
        }
    }
}
